<?xml version="1.0" encoding="UTF-8"?>
<testng-results skipped="0" failed="0" ignored="0" total="1" passed="1">
  <reporter-output>
  </reporter-output>
  <suite name="Default suite" duration-ms="14843" started-at="2019-10-17T07:58:42Z" finished-at="2019-10-17T07:58:57Z">
    <groups>
    </groups>
    <test name="Default test" duration-ms="14843" started-at="2019-10-17T07:58:42Z" finished-at="2019-10-17T07:58:57Z">
      <class name="com.orangehrm.test.LoginTest">
        <test-method status="PASS" signature="testLoginn()[pri:0, instance:com.orangehrm.test.LoginTest@46d56d67]" name="testLoginn" duration-ms="14185" started-at="2019-10-17T07:58:42Z" finished-at="2019-10-17T07:58:57Z">
          <reporter-output>
          </reporter-output>
        </test-method> <!-- testLoginn -->
      </class> <!-- com.orangehrm.test.LoginTest -->
    </test> <!-- Default test -->
  </suite> <!-- Default suite -->
</testng-results>
